app/build/intermediates/manifest_merge_blame_file/debug/manifest-merger-blame-debug-report.txt
1<?xml version="1.0" encoding="utf-8"?>
2<manifest xmlns:android="http://schemas.android.com/apk/res/android"
3    package="com.example.appptin"
4    android:versionCode="1"
5    android:versionName="1.0" >
6
7    <uses-sdk
8        android:minSdkVersion="24"
8-->src\main\AndroidManifest.xml
9        android:targetSdkVersion="33" />
9-->src\main\AndroidManifest.xml
10
11    <uses-permission android:name="android.permission.INTERNET" />
11-->src\main\AndroidManifest.xml:5:5-67
11-->src\main\AndroidManifest.xml:5:22-64
12    <uses-permission android:name="android.permission.CAMERA" /> <!-- Don't require camera, as this requires a rear camera. This allows it to work on the Nexus 7 -->
12-->[com.journeyapps:zxing-android-embedded:4.1.0] AndroidManifest.xml:22:5-65
12-->[com.journeyapps:zxing-android-embedded:4.1.0] AndroidManifest.xml:22:22-62
13    <uses-feature
13-->[com.journeyapps:zxing-android-embedded:4.1.0] AndroidManifest.xml:25:5-27:36
14        android:name="android.hardware.camera"
14-->[com.journeyapps:zxing-android-embedded:4.1.0] AndroidManifest.xml:26:9-47
15        android:required="false" />
15-->[com.journeyapps:zxing-android-embedded:4.1.0] AndroidManifest.xml:27:9-33
16    <uses-feature
16-->[com.journeyapps:zxing-android-embedded:4.1.0] AndroidManifest.xml:28:5-30:36
17        android:name="android.hardware.camera.front"
17-->[com.journeyapps:zxing-android-embedded:4.1.0] AndroidManifest.xml:29:9-53
18        android:required="false" /> <!-- TODO replace above two with next line after Android 4.2 -->
18-->[com.journeyapps:zxing-android-embedded:4.1.0] AndroidManifest.xml:30:9-33
19    <!-- <uses-feature android:name="android.hardware.camera.any"/> -->
20    <uses-feature
20-->[com.journeyapps:zxing-android-embedded:4.1.0] AndroidManifest.xml:33:5-35:36
21        android:name="android.hardware.camera.autofocus"
21-->[com.journeyapps:zxing-android-embedded:4.1.0] AndroidManifest.xml:34:9-57
22        android:required="false" />
22-->[com.journeyapps:zxing-android-embedded:4.1.0] AndroidManifest.xml:35:9-33
23    <uses-feature
23-->[com.journeyapps:zxing-android-embedded:4.1.0] AndroidManifest.xml:36:5-38:36
24        android:name="android.hardware.camera.flash"
24-->[com.journeyapps:zxing-android-embedded:4.1.0] AndroidManifest.xml:37:9-53
25        android:required="false" />
25-->[com.journeyapps:zxing-android-embedded:4.1.0] AndroidManifest.xml:38:9-33
26    <uses-feature
26-->[com.journeyapps:zxing-android-embedded:4.1.0] AndroidManifest.xml:39:5-41:36
27        android:name="android.hardware.screen.landscape"
27-->[com.journeyapps:zxing-android-embedded:4.1.0] AndroidManifest.xml:40:9-57
28        android:required="false" />
28-->[com.journeyapps:zxing-android-embedded:4.1.0] AndroidManifest.xml:41:9-33
29    <uses-feature
29-->[com.journeyapps:zxing-android-embedded:4.1.0] AndroidManifest.xml:42:5-44:36
30        android:name="android.hardware.wifi"
30-->[com.journeyapps:zxing-android-embedded:4.1.0] AndroidManifest.xml:43:9-45
31        android:required="false" />
31-->[com.journeyapps:zxing-android-embedded:4.1.0] AndroidManifest.xml:44:9-33
32    <uses-feature
32-->[com.mapbox.mapboxsdk:mapbox-android-sdk:9.7.0] AndroidManifest.xml:9:5-11:35
33        android:glEsVersion="0x00020000"
33-->[com.mapbox.mapboxsdk:mapbox-android-sdk:9.7.0] AndroidManifest.xml:10:9-41
34        android:required="true" />
34-->[com.mapbox.mapboxsdk:mapbox-android-sdk:9.7.0] AndroidManifest.xml:11:9-32
35
36    <uses-permission android:name="android.permission.ACCESS_NETWORK_STATE" />
36-->[com.mapbox.mapboxsdk:mapbox-android-sdk:9.7.0] AndroidManifest.xml:17:5-79
36-->[com.mapbox.mapboxsdk:mapbox-android-sdk:9.7.0] AndroidManifest.xml:17:22-76
37    <uses-permission android:name="android.permission.ACCESS_WIFI_STATE" />
37-->[com.mapbox.mapboxsdk:mapbox-android-sdk:9.7.0] AndroidManifest.xml:18:5-76
37-->[com.mapbox.mapboxsdk:mapbox-android-sdk:9.7.0] AndroidManifest.xml:18:22-73
38    <uses-permission android:name="android.permission.ACCESS_FINE_LOCATION" /> <!-- Required for CrashReporterJobIntentService on API levels below 25 -->
38-->[com.mapbox.mapboxsdk:mapbox-android-sdk:9.7.0] AndroidManifest.xml:19:5-79
38-->[com.mapbox.mapboxsdk:mapbox-android-sdk:9.7.0] AndroidManifest.xml:19:22-76
39    <uses-permission android:name="android.permission.WAKE_LOCK" />
39-->[com.mapbox.mapboxsdk:mapbox-android-telemetry-okhttp3:8.1.0] AndroidManifest.xml:12:5-68
39-->[com.mapbox.mapboxsdk:mapbox-android-telemetry-okhttp3:8.1.0] AndroidManifest.xml:12:22-65
40    <uses-permission
40-->[com.mapbox.mapboxsdk:mapbox-android-telemetry-okhttp3:8.1.0] AndroidManifest.xml:16:5-18:38
41        android:name="android.permission.GET_TASKS"
41-->[com.mapbox.mapboxsdk:mapbox-android-telemetry-okhttp3:8.1.0] AndroidManifest.xml:17:9-52
42        android:maxSdkVersion="20" />
42-->[com.mapbox.mapboxsdk:mapbox-android-telemetry-okhttp3:8.1.0] AndroidManifest.xml:18:9-35
43
44    <permission
44-->[androidx.core:core:1.9.0] AndroidManifest.xml:22:5-24:47
45        android:name="com.example.appptin.DYNAMIC_RECEIVER_NOT_EXPORTED_PERMISSION"
45-->[androidx.core:core:1.9.0] AndroidManifest.xml:23:9-81
46        android:protectionLevel="signature" />
46-->[androidx.core:core:1.9.0] AndroidManifest.xml:24:9-44
47
48    <uses-permission android:name="com.example.appptin.DYNAMIC_RECEIVER_NOT_EXPORTED_PERMISSION" />
48-->[androidx.core:core:1.9.0] AndroidManifest.xml:26:5-97
48-->[androidx.core:core:1.9.0] AndroidManifest.xml:26:22-94
49
50    <application
50-->src\main\AndroidManifest.xml:7:5-130:19
51        android:allowBackup="true"
51-->src\main\AndroidManifest.xml:8:9-35
52        android:appComponentFactory="androidx.core.app.CoreComponentFactory"
52-->[androidx.core:core:1.9.0] AndroidManifest.xml:28:18-86
53        android:dataExtractionRules="@xml/data_extraction_rules"
53-->src\main\AndroidManifest.xml:9:9-65
54        android:debuggable="true"
55        android:enableOnBackInvokedCallback="true"
55-->src\main\AndroidManifest.xml:16:9-51
56        android:extractNativeLibs="false"
57        android:fullBackupContent="@xml/backup_rules"
57-->src\main\AndroidManifest.xml:10:9-54
58        android:icon="@mipmap/ic_launcher"
58-->src\main\AndroidManifest.xml:11:9-43
59        android:label="@string/app_name"
59-->src\main\AndroidManifest.xml:12:9-41
60        android:supportsRtl="true"
60-->src\main\AndroidManifest.xml:13:9-35
61        android:testOnly="true"
62        android:theme="@style/Theme.AppPTIN"
62-->src\main\AndroidManifest.xml:14:9-45
63        android:usesCleartextTraffic="true" >
63-->src\main\AndroidManifest.xml:15:9-44
64        <activity
64-->src\main\AndroidManifest.xml:19:9-21:40
65            android:name="com.example.appptin.MainActivity2"
65-->src\main\AndroidManifest.xml:20:13-42
66            android:exported="false" />
66-->src\main\AndroidManifest.xml:21:13-37
67        <activity
67-->src\main\AndroidManifest.xml:22:9-24:40
68            android:name="com.example.appptin.PagamentActivity"
68-->src\main\AndroidManifest.xml:23:13-45
69            android:exported="false" />
69-->src\main\AndroidManifest.xml:24:13-37
70        <activity
70-->src\main\AndroidManifest.xml:25:9-27:40
71            android:name="com.example.appptin.medico.MedicoActivity"
71-->src\main\AndroidManifest.xml:26:13-50
72            android:exported="false" />
72-->src\main\AndroidManifest.xml:27:13-37
73        <activity
73-->src\main\AndroidManifest.xml:28:9-30:40
74            android:name="com.example.appptin.gestor.GestorActivity"
74-->src\main\AndroidManifest.xml:29:13-50
75            android:exported="false" />
75-->src\main\AndroidManifest.xml:30:13-37
76        <activity
76-->src\main\AndroidManifest.xml:31:9-39:20
77            android:name="com.example.appptin.welcome_page"
77-->src\main\AndroidManifest.xml:32:13-41
78            android:exported="true" >
78-->src\main\AndroidManifest.xml:33:13-36
79            <intent-filter>
79-->src\main\AndroidManifest.xml:34:13-38:29
80                <action android:name="android.intent.action.MAIN" />
80-->src\main\AndroidManifest.xml:35:17-69
80-->src\main\AndroidManifest.xml:35:25-66
81
82                <category android:name="android.intent.category.LAUNCHER" />
82-->src\main\AndroidManifest.xml:37:17-77
82-->src\main\AndroidManifest.xml:37:27-74
83            </intent-filter>
84        </activity>
85        <activity android:name="com.example.appptin.MainActivity" >
85-->src\main\AndroidManifest.xml:40:9-43:20
85-->src\main\AndroidManifest.xml:40:19-47
86
87            <!-- otras configuraciones de la actividad -->
88        </activity>
89        <activity android:name="com.example.appptin.CistellaFragment" >
89-->src\main\AndroidManifest.xml:44:9-47:20
89-->src\main\AndroidManifest.xml:44:19-51
90
91            <!-- otras configuraciones de la actividad -->
92        </activity>
93        <activity android:name="com.example.appptin.QrFragment" >
93-->src\main\AndroidManifest.xml:48:9-51:20
93-->src\main\AndroidManifest.xml:48:19-45
94
95            <!-- otras configuraciones de la actividad -->
96        </activity>
97        <activity android:name="com.example.appptin.login" >
97-->src\main\AndroidManifest.xml:52:9-55:20
97-->src\main\AndroidManifest.xml:52:19-40
98
99            <!-- otras configuraciones de la actividad -->
100        </activity>
101        <activity android:name="com.example.appptin.login_o_registre" >
101-->src\main\AndroidManifest.xml:56:9-59:20
101-->src\main\AndroidManifest.xml:56:19-51
102
103            <!-- otras configuraciones de la actividad -->
104        </activity>
105        <activity android:name="com.example.appptin.MyDialogFragment" >
105-->src\main\AndroidManifest.xml:60:9-63:20
105-->src\main\AndroidManifest.xml:60:19-51
106
107            <!-- otras configuraciones de la actividad -->
108        </activity>
109        <activity android:name="com.example.appptin.OpcionsFragment" >
109-->src\main\AndroidManifest.xml:64:9-67:20
109-->src\main\AndroidManifest.xml:64:19-50
110
111            <!-- otras configuraciones de la actividad -->
112        </activity>
113        <activity android:name="com.example.appptin.registre" >
113-->src\main\AndroidManifest.xml:68:9-71:20
113-->src\main\AndroidManifest.xml:68:19-43
114
115            <!-- otras configuraciones de la actividad -->
116        </activity>
117        <activity android:name="com.example.appptin.paciente.UserFragment" >
117-->src\main\AndroidManifest.xml:72:9-75:20
117-->src\main\AndroidManifest.xml:72:19-56
118
119            <!-- otras configuraciones de la actividad -->
120        </activity>
121        <activity android:name="com.example.appptin.paciente.opciones.DatosPacienteFragment" >
121-->src\main\AndroidManifest.xml:76:9-79:20
121-->src\main\AndroidManifest.xml:76:19-74
122
123            <!-- otras configuraciones de la actividad -->
124        </activity>
125        <activity android:name="com.example.appptin.paciente.opciones.ConfigPacienteFragment" >
125-->src\main\AndroidManifest.xml:80:9-83:20
125-->src\main\AndroidManifest.xml:80:19-75
126
127            <!-- otras configuraciones de la actividad -->
128        </activity>
129        <activity android:name="com.example.appptin.Welcome_popup" >
129-->src\main\AndroidManifest.xml:84:9-87:20
129-->src\main\AndroidManifest.xml:84:19-48
130
131            <!-- otras configuraciones de la actividad -->
132        </activity>
133        <activity android:name="com.example.appptin.medico.fragments.aprobarPeticion.AprobarFragment" >
133-->src\main\AndroidManifest.xml:88:9-91:20
133-->src\main\AndroidManifest.xml:88:19-83
134
135            <!-- otras configuraciones de la actividad -->
136        </activity>
137        <activity android:name="com.example.appptin.medico.fragments.detallesPeticion.DetallesPeticionFragment" >
137-->src\main\AndroidManifest.xml:92:9-95:20
137-->src\main\AndroidManifest.xml:92:19-93
138
139            <!-- otras configuraciones de la actividad -->
140        </activity>
141        <activity android:name="com.example.appptin.medico.fragments.historialPaciente.HistorialPacienteFragment" >
141-->src\main\AndroidManifest.xml:96:9-99:20
141-->src\main\AndroidManifest.xml:96:19-95
142
143            <!-- otras configuraciones de la actividad -->
144        </activity>
145        <activity android:name="com.example.appptin.medico.fragments.historialPeticion.HistorialPeticionFragment" >
145-->src\main\AndroidManifest.xml:100:9-103:20
145-->src\main\AndroidManifest.xml:100:19-95
146
147            <!-- otras configuraciones de la actividad -->
148        </activity>
149        <activity android:name="com.example.appptin.medico.fragments.perfilmedico.PerfilMedicoFragment" >
149-->src\main\AndroidManifest.xml:104:9-107:20
149-->src\main\AndroidManifest.xml:104:19-85
150
151            <!-- otras configuraciones de la actividad -->
152        </activity>
153        <activity android:name="com.example.appptin.medico.fragments.perfilmedico.opciones.DatoMedicoFragment" >
153-->src\main\AndroidManifest.xml:108:9-111:20
153-->src\main\AndroidManifest.xml:108:19-92
154
155            <!-- otras configuraciones de la actividad -->
156        </activity>
157        <activity android:name="com.example.appptin.medico.fragments.perfilmedico.opciones.ConfigMedicoFragment" >
157-->src\main\AndroidManifest.xml:112:9-115:20
157-->src\main\AndroidManifest.xml:112:19-94
158
159            <!-- otras configuraciones de la actividad -->
160        </activity>
161        <activity android:name="com.example.appptin.gestor.fragments.pefilgestor.PerfilGestorFragment" >
161-->src\main\AndroidManifest.xml:116:9-119:20
161-->src\main\AndroidManifest.xml:116:19-84
162
163            <!-- otras configuraciones de la actividad -->
164        </activity>
165        <activity android:name="com.example.appptin.gestor.fragments.pefilgestor.opciones.DatoGestorFragment" >
165-->src\main\AndroidManifest.xml:120:9-123:20
165-->src\main\AndroidManifest.xml:120:19-91
166
167            <!-- otras configuraciones de la actividad -->
168        </activity>
169        <activity android:name="com.example.appptin.gestor.fragments.inventario.MapaGestor" />
169-->src\main\AndroidManifest.xml:124:9-85
169-->src\main\AndroidManifest.xml:124:19-73
170        <activity android:name="com.example.appptin.gestor.fragments.pefilgestor.opciones.ConfigGestorFragment" >
170-->src\main\AndroidManifest.xml:125:9-128:20
170-->src\main\AndroidManifest.xml:125:19-93
171
172            <!-- otras configuraciones de la actividad -->
173        </activity>
174        <activity
174-->[com.journeyapps:zxing-android-embedded:4.1.0] AndroidManifest.xml:47:9-53:63
175            android:name="com.journeyapps.barcodescanner.CaptureActivity"
175-->[com.journeyapps:zxing-android-embedded:4.1.0] AndroidManifest.xml:48:13-74
176            android:clearTaskOnLaunch="true"
176-->[com.journeyapps:zxing-android-embedded:4.1.0] AndroidManifest.xml:49:13-45
177            android:screenOrientation="sensorLandscape"
177-->[com.journeyapps:zxing-android-embedded:4.1.0] AndroidManifest.xml:50:13-56
178            android:stateNotNeeded="true"
178-->[com.journeyapps:zxing-android-embedded:4.1.0] AndroidManifest.xml:51:13-42
179            android:theme="@style/zxing_CaptureTheme"
179-->[com.journeyapps:zxing-android-embedded:4.1.0] AndroidManifest.xml:52:13-54
180            android:windowSoftInputMode="stateAlwaysHidden" />
180-->[com.journeyapps:zxing-android-embedded:4.1.0] AndroidManifest.xml:53:13-60
181        <activity
181-->[com.google.android.gms:play-services-auth:20.5.0] AndroidManifest.xml:23:9-27:75
182            android:name="com.google.android.gms.auth.api.signin.internal.SignInHubActivity"
182-->[com.google.android.gms:play-services-auth:20.5.0] AndroidManifest.xml:24:13-93
183            android:excludeFromRecents="true"
183-->[com.google.android.gms:play-services-auth:20.5.0] AndroidManifest.xml:25:13-46
184            android:exported="false"
184-->[com.google.android.gms:play-services-auth:20.5.0] AndroidManifest.xml:26:13-37
185            android:theme="@android:style/Theme.Translucent.NoTitleBar" />
185-->[com.google.android.gms:play-services-auth:20.5.0] AndroidManifest.xml:27:13-72
186        <!--
187            Service handling Google Sign-In user revocation. For apps that do not integrate with
188            Google Sign-In, this service will never be started.
189        -->
190        <service
190-->[com.google.android.gms:play-services-auth:20.5.0] AndroidManifest.xml:33:9-37:51
191            android:name="com.google.android.gms.auth.api.signin.RevocationBoundService"
191-->[com.google.android.gms:play-services-auth:20.5.0] AndroidManifest.xml:34:13-89
192            android:exported="true"
192-->[com.google.android.gms:play-services-auth:20.5.0] AndroidManifest.xml:35:13-36
193            android:permission="com.google.android.gms.auth.api.signin.permission.REVOCATION_NOTIFICATION"
193-->[com.google.android.gms:play-services-auth:20.5.0] AndroidManifest.xml:36:13-107
194            android:visibleToInstantApps="true" />
194-->[com.google.android.gms:play-services-auth:20.5.0] AndroidManifest.xml:37:13-48
195
196        <activity
196-->[com.google.android.gms:play-services-base:18.0.1] AndroidManifest.xml:20:9-22:45
197            android:name="com.google.android.gms.common.api.GoogleApiActivity"
197-->[com.google.android.gms:play-services-base:18.0.1] AndroidManifest.xml:20:19-85
198            android:exported="false"
198-->[com.google.android.gms:play-services-base:18.0.1] AndroidManifest.xml:22:19-43
199            android:theme="@android:style/Theme.Translucent.NoTitleBar" />
199-->[com.google.android.gms:play-services-base:18.0.1] AndroidManifest.xml:21:19-78
200
201        <meta-data
201-->[com.google.android.gms:play-services-basement:18.2.0] AndroidManifest.xml:21:9-23:69
202            android:name="com.google.android.gms.version"
202-->[com.google.android.gms:play-services-basement:18.2.0] AndroidManifest.xml:22:13-58
203            android:value="@integer/google_play_services_version" />
203-->[com.google.android.gms:play-services-basement:18.2.0] AndroidManifest.xml:23:13-66
204
205        <provider
205-->[androidx.emoji2:emoji2:1.2.0] AndroidManifest.xml:24:9-32:20
206            android:name="androidx.startup.InitializationProvider"
206-->[androidx.emoji2:emoji2:1.2.0] AndroidManifest.xml:25:13-67
207            android:authorities="com.example.appptin.androidx-startup"
207-->[androidx.emoji2:emoji2:1.2.0] AndroidManifest.xml:26:13-68
208            android:exported="false" >
208-->[androidx.emoji2:emoji2:1.2.0] AndroidManifest.xml:27:13-37
209            <meta-data
209-->[androidx.emoji2:emoji2:1.2.0] AndroidManifest.xml:29:13-31:52
210                android:name="androidx.emoji2.text.EmojiCompatInitializer"
210-->[androidx.emoji2:emoji2:1.2.0] AndroidManifest.xml:30:17-75
211                android:value="androidx.startup" />
211-->[androidx.emoji2:emoji2:1.2.0] AndroidManifest.xml:31:17-49
212            <meta-data
212-->[androidx.lifecycle:lifecycle-process:2.4.1] AndroidManifest.xml:31:13-33:52
213                android:name="androidx.lifecycle.ProcessLifecycleInitializer"
213-->[androidx.lifecycle:lifecycle-process:2.4.1] AndroidManifest.xml:32:17-78
214                android:value="androidx.startup" />
214-->[androidx.lifecycle:lifecycle-process:2.4.1] AndroidManifest.xml:33:17-49
215        </provider>
216        <provider
216-->[com.mapbox.mapboxsdk:mapbox-android-telemetry-okhttp3:8.1.0] AndroidManifest.xml:21:9-25:39
217            android:name="com.mapbox.android.telemetry.provider.MapboxTelemetryInitProvider"
217-->[com.mapbox.mapboxsdk:mapbox-android-telemetry-okhttp3:8.1.0] AndroidManifest.xml:22:13-93
218            android:authorities="com.example.appptin.mapboxtelemetryinitprovider"
218-->[com.mapbox.mapboxsdk:mapbox-android-telemetry-okhttp3:8.1.0] AndroidManifest.xml:23:13-79
219            android:exported="false"
219-->[com.mapbox.mapboxsdk:mapbox-android-telemetry-okhttp3:8.1.0] AndroidManifest.xml:24:13-37
220            android:initOrder="100" />
220-->[com.mapbox.mapboxsdk:mapbox-android-telemetry-okhttp3:8.1.0] AndroidManifest.xml:25:13-36
221
222        <service
222-->[com.mapbox.mapboxsdk:mapbox-android-telemetry-okhttp3:8.1.0] AndroidManifest.xml:27:9-30:72
223            android:name="com.mapbox.android.telemetry.errors.ErrorReporterJobIntentService"
223-->[com.mapbox.mapboxsdk:mapbox-android-telemetry-okhttp3:8.1.0] AndroidManifest.xml:28:13-93
224            android:exported="false"
224-->[com.mapbox.mapboxsdk:mapbox-android-telemetry-okhttp3:8.1.0] AndroidManifest.xml:29:13-37
225            android:permission="android.permission.BIND_JOB_SERVICE" />
225-->[com.mapbox.mapboxsdk:mapbox-android-telemetry-okhttp3:8.1.0] AndroidManifest.xml:30:13-69
226        <service
226-->[com.mapbox.mapboxsdk:mapbox-android-telemetry-okhttp3:8.1.0] AndroidManifest.xml:31:9-33:40
227            android:name="com.mapbox.android.telemetry.MapboxTelemetryService"
227-->[com.mapbox.mapboxsdk:mapbox-android-telemetry-okhttp3:8.1.0] AndroidManifest.xml:32:13-79
228            android:exported="false" />
228-->[com.mapbox.mapboxsdk:mapbox-android-telemetry-okhttp3:8.1.0] AndroidManifest.xml:33:13-37
229    </application>
230
231</manifest>